<?xml version="1.0" encoding="UTF-8"?>
<!-- Generated by org.testng.reporters.JUnitReportReporter -->
<testsuite ignored="0" hostname="HYDPCM346152L" failures="0" tests="1" name="webpage.NewTest" time="8.704" errors="0" timestamp="18 Oct 2020 15:02:17 GMT" skipped="0">
  <testcase classname="webpage.NewTest" name="test" time="8.704"/>
</testsuite> <!-- webpage.NewTest -->
